{
  "RSpec": {
    "coverage": {
      "/home/java/workspace/soa_project/require_app.rb": {
        "lines": [
          null,
          null,
          null,
          1,
          1,
          1,
          null,
          null
        ]
      },
      "/home/java/workspace/soa_project/config/environment.rb": {
        "lines": [
          1,
          1,
          null,
          1,
          null,
          1,
          1,
          0,
          0,
          null,
          null
        ]
      }
    },
    "timestamp": 1667144307
  }
}
